生成启动时间为 2015/4/27 16:58:44。
     1>项目“E:\Work\VS2010 Workspace\publicFaceCollectionV1.0\publicFaceCollectionV1.0\publicFaceCollectionV1.0.vcxproj”在节点 2 上(build 个目标)。
     1>InitializeBuildStatus:
         正在创建“Release\publicFaceCollectionV1.0.unsuccessfulbuild”，因为已指定“AlwaysCreate”。
       ClCompile:
         D:\software\vs2010\VC\bin\CL.exe /c /Zi /nologo /W3 /WX- /O2 /Oi /Oy- /GL /D WIN32 /D NDEBUG /D _CONSOLE /D _MBCS /Gm- /EHsc /MD /GS /Gy /fp:precise /Zc:wchar_t /Zc:forScope /Fo"Release\\" /Fd"Release\vc100.pdb" /Gd /TP /analyze- /errorReport:prompt getLocalIP.cpp
         getLocalIP.cpp
       Link:
         D:\software\vs2010\VC\bin\link.exe /ERRORREPORT:PROMPT /OUT:"E:\Work\VS2010 Workspace\publicFaceCollectionV1.0\Release\publicFaceCollectionV1.0.exe" /INCREMENTAL:NO /NOLOGO kernel32.lib user32.lib gdi32.lib winspool.lib comdlg32.lib advapi32.lib shell32.lib ole32.lib oleaut32.lib uuid.lib odbc32.lib odbccp32.lib /MANIFEST /ManifestFile:"Release\publicFaceCollectionV1.0.exe.intermediate.manifest" /MANIFESTUAC:"level='asInvoker' uiAccess='false'" /DEBUG /PDB:"E:\Work\VS2010 Workspace\publicFaceCollectionV1.0\Release\publicFaceCollectionV1.0.pdb" /SUBSYSTEM:CONSOLE /OPT:REF /OPT:ICF /LTCG /TLBID:1 /DYNAMICBASE /NXCOMPAT /IMPLIB:"E:\Work\VS2010 Workspace\publicFaceCollectionV1.0\Release\publicFaceCollectionV1.0.lib" /MACHINE:X86 Release\camera_process.obj
         Release\config.obj
         Release\detect_face.obj
         Release\drawImage.obj
         Release\getFiles.obj
         Release\getLocalIP.obj
         Release\GetLocalIPAddress.obj
         Release\main.obj
         Release\save_image.obj
         Release\video_camera.obj
         正在生成代码
         已完成代码的生成
         publicFaceCollectionV1.0.vcxproj -> E:\Work\VS2010 Workspace\publicFaceCollectionV1.0\Release\publicFaceCollectionV1.0.exe
       Manifest:
         C:\Program Files (x86)\Microsoft SDKs\Windows\v7.0A\bin\mt.exe /nologo /verbose /outputresource:"E:\Work\VS2010 Workspace\publicFaceCollectionV1.0\Release\publicFaceCollectionV1.0.exe;#1" /manifest Release\publicFaceCollectionV1.0.exe.intermediate.manifest
       FinalizeBuildStatus:
         正在删除文件“Release\publicFaceCollectionV1.0.unsuccessfulbuild”。
         正在对“Release\publicFaceCollectionV1.0.lastbuildstate”执行 Touch 任务。
     1>已完成生成项目“E:\Work\VS2010 Workspace\publicFaceCollectionV1.0\publicFaceCollectionV1.0\publicFaceCollectionV1.0.vcxproj”(build 个目标)的操作。

生成成功。

已用时间 00:00:02.40
