生成启动时间为 2015/4/27 16:43:16。
     1>项目“E:\Work\VS2010 Workspace\publicFaceCollectionV1.0\publicFaceCollectionV1.0\publicFaceCollectionV1.0.vcxproj”在节点 2 上(build 个目标)。
     1>InitializeBuildStatus:
         正在对“Debug\publicFaceCollectionV1.0.unsuccessfulbuild”执行 Touch 任务。
       ClCompile:
         D:\software\vs2010\VC\bin\CL.exe /c /ZI /nologo /W3 /WX- /Od /Oy- /D WIN32 /D _DEBUG /D _CONSOLE /D _MBCS /Gm /EHsc /RTC1 /MDd /GS /fp:precise /Zc:wchar_t /Zc:forScope /Fo"Debug\\" /Fd"Debug\vc100.pdb" /Gd /TP /analyze- /errorReport:prompt getLocalIP.cpp
         getLocalIP.cpp
       ManifestResourceCompile:
         所有输出均为最新。
       Link:
         D:\software\vs2010\VC\bin\link.exe /ERRORREPORT:PROMPT /OUT:"E:\Work\VS2010 Workspace\publicFaceCollectionV1.0\Debug\publicFaceCollectionV1.0.exe" /INCREMENTAL /NOLOGO kernel32.lib user32.lib gdi32.lib winspool.lib comdlg32.lib advapi32.lib shell32.lib ole32.lib oleaut32.lib uuid.lib odbc32.lib odbccp32.lib /MANIFEST /ManifestFile:"Debug\publicFaceCollectionV1.0.exe.intermediate.manifest" /MANIFESTUAC:"level='asInvoker' uiAccess='false'" /DEBUG /PDB:"E:\Work\VS2010 Workspace\publicFaceCollectionV1.0\Debug\publicFaceCollectionV1.0.pdb" /SUBSYSTEM:CONSOLE /TLBID:1 /DYNAMICBASE /NXCOMPAT /IMPLIB:"E:\Work\VS2010 Workspace\publicFaceCollectionV1.0\Debug\publicFaceCollectionV1.0.lib" /MACHINE:X86 Debug\publicFaceCollectionV1.0.exe.embed.manifest.res
         Debug\camera_process.obj
         Debug\config.obj
         Debug\detect_face.obj
         Debug\drawImage.obj
         Debug\getFiles.obj
         Debug\getLocalIP.obj
         Debug\GetLocalIPAddress.obj
         Debug\main.obj
         Debug\save_image.obj
         Debug\video_camera.obj
       Manifest:
         C:\Program Files (x86)\Microsoft SDKs\Windows\v7.0A\bin\mt.exe /nologo /verbose /out:"Debug\publicFaceCollectionV1.0.exe.embed.manifest" /manifest Debug\publicFaceCollectionV1.0.exe.intermediate.manifest
         所有输出均为最新。
       LinkEmbedManifest:
         所有输出均为最新。
         publicFaceCollectionV1.0.vcxproj -> E:\Work\VS2010 Workspace\publicFaceCollectionV1.0\Debug\publicFaceCollectionV1.0.exe
       FinalizeBuildStatus:
         正在删除文件“Debug\publicFaceCollectionV1.0.unsuccessfulbuild”。
         正在对“Debug\publicFaceCollectionV1.0.lastbuildstate”执行 Touch 任务。
     1>已完成生成项目“E:\Work\VS2010 Workspace\publicFaceCollectionV1.0\publicFaceCollectionV1.0\publicFaceCollectionV1.0.vcxproj”(build 个目标)的操作。

生成成功。

已用时间 00:00:01.19
