生成启动时间为 2015/5/5 9:49:34。
     1>项目“E:\github\public_face_collection\HFGA网吧人脸采集程序（code版）\后台\publicFaceCollectionV1.0\publicFaceCollectionV1.0.vcxproj”在节点 2 上(build 个目标)。
     1>InitializeBuildStatus:
         正在创建“Debug\publicFaceCollectionV1.0.unsuccessfulbuild”，因为已指定“AlwaysCreate”。
       ClCompile:
         D:\software\vs2010\VC\bin\CL.exe /c /ZI /nologo /W3 /WX- /Od /Oy- /D WIN32 /D _DEBUG /D _CONSOLE /D _MBCS /Gm /EHsc /RTC1 /MDd /GS /fp:precise /Zc:wchar_t /Zc:forScope /Fo"Debug\\" /Fd"Debug\vc100.pdb" /Gd /TP /analyze- /errorReport:prompt camera_process.cpp config.cpp detect_face.cpp drawImage.cpp getFiles.cpp getLocalIP.cpp GetLocalIPAddress.cpp main.cpp save_image.cpp video_camera.cpp
         video_camera.cpp
     1>e:\github\public_face_collection\hfga网吧人脸采集程序（code版）\后台\opencv\include\opencv2\flann\logger.h(66): warning C4996: 'fopen': This function or variable may be unsafe. Consider using fopen_s instead. To disable deprecation, use _CRT_SECURE_NO_WARNINGS. See online help for details.
                 d:\software\vs2010\vc\include\stdio.h(234) : 参见“fopen”的声明
         save_image.cpp
     1>e:\github\public_face_collection\hfga网吧人脸采集程序（code版）\后台\opencv\include\opencv2\flann\logger.h(66): warning C4996: 'fopen': This function or variable may be unsafe. Consider using fopen_s instead. To disable deprecation, use _CRT_SECURE_NO_WARNINGS. See online help for details.
                 d:\software\vs2010\vc\include\stdio.h(234) : 参见“fopen”的声明
     1>e:\github\public_face_collection\hfga网吧人脸采集程序（code版）\后台\publicfacecollectionv1.0\save_image.cpp(13): warning C4996: 'fopen': This function or variable may be unsafe. Consider using fopen_s instead. To disable deprecation, use _CRT_SECURE_NO_WARNINGS. See online help for details.
                 d:\software\vs2010\vc\include\stdio.h(234) : 参见“fopen”的声明
     1>e:\github\public_face_collection\hfga网吧人脸采集程序（code版）\后台\publicfacecollectionv1.0\save_image.cpp(21): warning C4996: 'fscanf': This function or variable may be unsafe. Consider using fscanf_s instead. To disable deprecation, use _CRT_SECURE_NO_WARNINGS. See online help for details.
                 d:\software\vs2010\vc\include\stdio.h(253) : 参见“fscanf”的声明
     1>e:\github\public_face_collection\hfga网吧人脸采集程序（code版）\后台\publicfacecollectionv1.0\save_image.cpp(26): warning C4996: 'fopen': This function or variable may be unsafe. Consider using fopen_s instead. To disable deprecation, use _CRT_SECURE_NO_WARNINGS. See online help for details.
                 d:\software\vs2010\vc\include\stdio.h(234) : 参见“fopen”的声明
     1>e:\github\public_face_collection\hfga网吧人脸采集程序（code版）\后台\publicfacecollectionv1.0\save_image.cpp(34): warning C4996: 'fscanf': This function or variable may be unsafe. Consider using fscanf_s instead. To disable deprecation, use _CRT_SECURE_NO_WARNINGS. See online help for details.
                 d:\software\vs2010\vc\include\stdio.h(253) : 参见“fscanf”的声明
     1>e:\github\public_face_collection\hfga网吧人脸采集程序（code版）\后台\publicfacecollectionv1.0\save_image.cpp(47): warning C4996: 'fopen': This function or variable may be unsafe. Consider using fopen_s instead. To disable deprecation, use _CRT_SECURE_NO_WARNINGS. See online help for details.
                 d:\software\vs2010\vc\include\stdio.h(234) : 参见“fopen”的声明
     1>e:\github\public_face_collection\hfga网吧人脸采集程序（code版）\后台\publicfacecollectionv1.0\save_image.cpp(78): warning C4996: '_itoa': This function or variable may be unsafe. Consider using _itoa_s instead. To disable deprecation, use _CRT_SECURE_NO_WARNINGS. See online help for details.
                 d:\software\vs2010\vc\include\stdlib.h(451) : 参见“_itoa”的声明
     1>e:\github\public_face_collection\hfga网吧人脸采集程序（code版）\后台\publicfacecollectionv1.0\save_image.cpp(117): warning C4996: 'sprintf': This function or variable may be unsafe. Consider using sprintf_s instead. To disable deprecation, use _CRT_SECURE_NO_WARNINGS. See online help for details.
                 d:\software\vs2010\vc\include\stdio.h(371) : 参见“sprintf”的声明
     1>e:\github\public_face_collection\hfga网吧人脸采集程序（code版）\后台\publicfacecollectionv1.0\save_image.cpp(137): warning C4996: '_itoa': This function or variable may be unsafe. Consider using _itoa_s instead. To disable deprecation, use _CRT_SECURE_NO_WARNINGS. See online help for details.
                 d:\software\vs2010\vc\include\stdlib.h(451) : 参见“_itoa”的声明
     1>e:\github\public_face_collection\hfga网吧人脸采集程序（code版）\后台\publicfacecollectionv1.0\save_image.cpp(180): warning C4996: '_splitpath': This function or variable may be unsafe. Consider using _splitpath_s instead. To disable deprecation, use _CRT_SECURE_NO_WARNINGS. See online help for details.
                 d:\software\vs2010\vc\include\stdlib.h(791) : 参见“_splitpath”的声明
         main.cpp
     1>e:\github\public_face_collection\hfga网吧人脸采集程序（code版）\后台\opencv\include\opencv2\flann\logger.h(66): warning C4996: 'fopen': This function or variable may be unsafe. Consider using fopen_s instead. To disable deprecation, use _CRT_SECURE_NO_WARNINGS. See online help for details.
                 d:\software\vs2010\vc\include\stdio.h(234) : 参见“fopen”的声明
     1>e:\github\public_face_collection\hfga网吧人脸采集程序（code版）\后台\publicfacecollectionv1.0\main.cpp(54): warning C4996: '_splitpath': This function or variable may be unsafe. Consider using _splitpath_s instead. To disable deprecation, use _CRT_SECURE_NO_WARNINGS. See online help for details.
                 d:\software\vs2010\vc\include\stdlib.h(791) : 参见“_splitpath”的声明
         GetLocalIPAddress.cpp
         getLocalIP.cpp
         getFiles.cpp
         drawImage.cpp
     1>e:\github\public_face_collection\hfga网吧人脸采集程序（code版）\后台\opencv\include\opencv2\flann\logger.h(66): warning C4996: 'fopen': This function or variable may be unsafe. Consider using fopen_s instead. To disable deprecation, use _CRT_SECURE_NO_WARNINGS. See online help for details.
                 d:\software\vs2010\vc\include\stdio.h(234) : 参见“fopen”的声明
         detect_face.cpp
     1>e:\github\public_face_collection\hfga网吧人脸采集程序（code版）\后台\opencv\include\opencv2\flann\logger.h(66): warning C4996: 'fopen': This function or variable may be unsafe. Consider using fopen_s instead. To disable deprecation, use _CRT_SECURE_NO_WARNINGS. See online help for details.
                 d:\software\vs2010\vc\include\stdio.h(234) : 参见“fopen”的声明
     1>e:\github\public_face_collection\hfga网吧人脸采集程序（code版）\后台\publicfacecollectionv1.0\detect_face.cpp(79): warning C4244: “参数”: 从“double”转换到“int”，可能丢失数据
         config.cpp
     1>e:\github\public_face_collection\hfga网吧人脸采集程序（code版）\后台\publicfacecollectionv1.0\config.cpp(61): warning C4996: 'fopen': This function or variable may be unsafe. Consider using fopen_s instead. To disable deprecation, use _CRT_SECURE_NO_WARNINGS. See online help for details.
                 d:\software\vs2010\vc\include\stdio.h(234) : 参见“fopen”的声明
     1>e:\github\public_face_collection\hfga网吧人脸采集程序（code版）\后台\publicfacecollectionv1.0\config.cpp(69): warning C4996: 'fscanf': This function or variable may be unsafe. Consider using fscanf_s instead. To disable deprecation, use _CRT_SECURE_NO_WARNINGS. See online help for details.
                 d:\software\vs2010\vc\include\stdio.h(253) : 参见“fscanf”的声明
     1>e:\github\public_face_collection\hfga网吧人脸采集程序（code版）\后台\publicfacecollectionv1.0\config.cpp(75): warning C4996: 'fopen': This function or variable may be unsafe. Consider using fopen_s instead. To disable deprecation, use _CRT_SECURE_NO_WARNINGS. See online help for details.
                 d:\software\vs2010\vc\include\stdio.h(234) : 参见“fopen”的声明
     1>e:\github\public_face_collection\hfga网吧人脸采集程序（code版）\后台\publicfacecollectionv1.0\config.cpp(82): warning C4996: 'fscanf': This function or variable may be unsafe. Consider using fscanf_s instead. To disable deprecation, use _CRT_SECURE_NO_WARNINGS. See online help for details.
                 d:\software\vs2010\vc\include\stdio.h(253) : 参见“fscanf”的声明
     1>e:\github\public_face_collection\hfga网吧人脸采集程序（code版）\后台\publicfacecollectionv1.0\config.cpp(86): warning C4996: 'fopen': This function or variable may be unsafe. Consider using fopen_s instead. To disable deprecation, use _CRT_SECURE_NO_WARNINGS. See online help for details.
                 d:\software\vs2010\vc\include\stdio.h(234) : 参见“fopen”的声明
     1>e:\github\public_face_collection\hfga网吧人脸采集程序（code版）\后台\publicfacecollectionv1.0\config.cpp(93): warning C4996: 'fscanf': This function or variable may be unsafe. Consider using fscanf_s instead. To disable deprecation, use _CRT_SECURE_NO_WARNINGS. See online help for details.
                 d:\software\vs2010\vc\include\stdio.h(253) : 参见“fscanf”的声明
     1>e:\github\public_face_collection\hfga网吧人脸采集程序（code版）\后台\publicfacecollectionv1.0\config.cpp(98): warning C4996: 'fopen': This function or variable may be unsafe. Consider using fopen_s instead. To disable deprecation, use _CRT_SECURE_NO_WARNINGS. See online help for details.
                 d:\software\vs2010\vc\include\stdio.h(234) : 参见“fopen”的声明
     1>e:\github\public_face_collection\hfga网吧人脸采集程序（code版）\后台\publicfacecollectionv1.0\config.cpp(106): warning C4996: 'fscanf': This function or variable may be unsafe. Consider using fscanf_s instead. To disable deprecation, use _CRT_SECURE_NO_WARNINGS. See online help for details.
                 d:\software\vs2010\vc\include\stdio.h(253) : 参见“fscanf”的声明
     1>e:\github\public_face_collection\hfga网吧人脸采集程序（code版）\后台\publicfacecollectionv1.0\config.cpp(112): warning C4996: 'fopen': This function or variable may be unsafe. Consider using fopen_s instead. To disable deprecation, use _CRT_SECURE_NO_WARNINGS. See online help for details.
                 d:\software\vs2010\vc\include\stdio.h(234) : 参见“fopen”的声明
     1>e:\github\public_face_collection\hfga网吧人脸采集程序（code版）\后台\publicfacecollectionv1.0\config.cpp(119): warning C4996: 'fscanf': This function or variable may be unsafe. Consider using fscanf_s instead. To disable deprecation, use _CRT_SECURE_NO_WARNINGS. See online help for details.
                 d:\software\vs2010\vc\include\stdio.h(253) : 参见“fscanf”的声明
     1>e:\github\public_face_collection\hfga网吧人脸采集程序（code版）\后台\publicfacecollectionv1.0\config.cpp(123): warning C4996: 'fopen': This function or variable may be unsafe. Consider using fopen_s instead. To disable deprecation, use _CRT_SECURE_NO_WARNINGS. See online help for details.
                 d:\software\vs2010\vc\include\stdio.h(234) : 参见“fopen”的声明
     1>e:\github\public_face_collection\hfga网吧人脸采集程序（code版）\后台\publicfacecollectionv1.0\config.cpp(130): warning C4996: 'fscanf': This function or variable may be unsafe. Consider using fscanf_s instead. To disable deprecation, use _CRT_SECURE_NO_WARNINGS. See online help for details.
                 d:\software\vs2010\vc\include\stdio.h(253) : 参见“fscanf”的声明
     1>e:\github\public_face_collection\hfga网吧人脸采集程序（code版）\后台\publicfacecollectionv1.0\config.cpp(137): warning C4996: 'fopen': This function or variable may be unsafe. Consider using fopen_s instead. To disable deprecation, use _CRT_SECURE_NO_WARNINGS. See online help for details.
                 d:\software\vs2010\vc\include\stdio.h(234) : 参见“fopen”的声明
     1>e:\github\public_face_collection\hfga网吧人脸采集程序（code版）\后台\publicfacecollectionv1.0\config.cpp(144): warning C4996: 'fscanf': This function or variable may be unsafe. Consider using fscanf_s instead. To disable deprecation, use _CRT_SECURE_NO_WARNINGS. See online help for details.
                 d:\software\vs2010\vc\include\stdio.h(253) : 参见“fscanf”的声明
     1>e:\github\public_face_collection\hfga网吧人脸采集程序（code版）\后台\publicfacecollectionv1.0\config.cpp(150): warning C4996: 'fopen': This function or variable may be unsafe. Consider using fopen_s instead. To disable deprecation, use _CRT_SECURE_NO_WARNINGS. See online help for details.
                 d:\software\vs2010\vc\include\stdio.h(234) : 参见“fopen”的声明
     1>e:\github\public_face_collection\hfga网吧人脸采集程序（code版）\后台\publicfacecollectionv1.0\config.cpp(157): warning C4996: 'fscanf': This function or variable may be unsafe. Consider using fscanf_s instead. To disable deprecation, use _CRT_SECURE_NO_WARNINGS. See online help for details.
                 d:\software\vs2010\vc\include\stdio.h(253) : 参见“fscanf”的声明
     1>e:\github\public_face_collection\hfga网吧人脸采集程序（code版）\后台\publicfacecollectionv1.0\config.cpp(161): warning C4996: 'fopen': This function or variable may be unsafe. Consider using fopen_s instead. To disable deprecation, use _CRT_SECURE_NO_WARNINGS. See online help for details.
                 d:\software\vs2010\vc\include\stdio.h(234) : 参见“fopen”的声明
     1>e:\github\public_face_collection\hfga网吧人脸采集程序（code版）\后台\publicfacecollectionv1.0\config.cpp(168): warning C4996: 'fscanf': This function or variable may be unsafe. Consider using fscanf_s instead. To disable deprecation, use _CRT_SECURE_NO_WARNINGS. See online help for details.
                 d:\software\vs2010\vc\include\stdio.h(253) : 参见“fscanf”的声明
     1>e:\github\public_face_collection\hfga网吧人脸采集程序（code版）\后台\publicfacecollectionv1.0\config.cpp(171): warning C4996: 'fopen': This function or variable may be unsafe. Consider using fopen_s instead. To disable deprecation, use _CRT_SECURE_NO_WARNINGS. See online help for details.
                 d:\software\vs2010\vc\include\stdio.h(234) : 参见“fopen”的声明
     1>e:\github\public_face_collection\hfga网吧人脸采集程序（code版）\后台\publicfacecollectionv1.0\config.cpp(178): warning C4996: 'fscanf': This function or variable may be unsafe. Consider using fscanf_s instead. To disable deprecation, use _CRT_SECURE_NO_WARNINGS. See online help for details.
                 d:\software\vs2010\vc\include\stdio.h(253) : 参见“fscanf”的声明
     1>e:\github\public_face_collection\hfga网吧人脸采集程序（code版）\后台\publicfacecollectionv1.0\config.cpp(181): warning C4996: 'fopen': This function or variable may be unsafe. Consider using fopen_s instead. To disable deprecation, use _CRT_SECURE_NO_WARNINGS. See online help for details.
                 d:\software\vs2010\vc\include\stdio.h(234) : 参见“fopen”的声明
     1>e:\github\public_face_collection\hfga网吧人脸采集程序（code版）\后台\publicfacecollectionv1.0\config.cpp(188): warning C4996: 'fscanf': This function or variable may be unsafe. Consider using fscanf_s instead. To disable deprecation, use _CRT_SECURE_NO_WARNINGS. See online help for details.
                 d:\software\vs2010\vc\include\stdio.h(253) : 参见“fscanf”的声明
     1>e:\github\public_face_collection\hfga网吧人脸采集程序（code版）\后台\publicfacecollectionv1.0\config.cpp(192): warning C4996: 'fopen': This function or variable may be unsafe. Consider using fopen_s instead. To disable deprecation, use _CRT_SECURE_NO_WARNINGS. See online help for details.
                 d:\software\vs2010\vc\include\stdio.h(234) : 参见“fopen”的声明
     1>e:\github\public_face_collection\hfga网吧人脸采集程序（code版）\后台\publicfacecollectionv1.0\config.cpp(199): warning C4996: 'fscanf': This function or variable may be unsafe. Consider using fscanf_s instead. To disable deprecation, use _CRT_SECURE_NO_WARNINGS. See online help for details.
                 d:\software\vs2010\vc\include\stdio.h(253) : 参见“fscanf”的声明
     1>e:\github\public_face_collection\hfga网吧人脸采集程序（code版）\后台\publicfacecollectionv1.0\config.cpp(202): warning C4996: 'fopen': This function or variable may be unsafe. Consider using fopen_s instead. To disable deprecation, use _CRT_SECURE_NO_WARNINGS. See online help for details.
                 d:\software\vs2010\vc\include\stdio.h(234) : 参见“fopen”的声明
     1>e:\github\public_face_collection\hfga网吧人脸采集程序（code版）\后台\publicfacecollectionv1.0\config.cpp(209): warning C4996: 'fscanf': This function or variable may be unsafe. Consider using fscanf_s instead. To disable deprecation, use _CRT_SECURE_NO_WARNINGS. See online help for details.
                 d:\software\vs2010\vc\include\stdio.h(253) : 参见“fscanf”的声明
         camera_process.cpp
     1>e:\github\public_face_collection\hfga网吧人脸采集程序（code版）\后台\opencv\include\opencv2\flann\logger.h(66): warning C4996: 'fopen': This function or variable may be unsafe. Consider using fopen_s instead. To disable deprecation, use _CRT_SECURE_NO_WARNINGS. See online help for details.
                 d:\software\vs2010\vc\include\stdio.h(234) : 参见“fopen”的声明
         正在生成代码...
       ManifestResourceCompile:
         C:\Program Files (x86)\Microsoft SDKs\Windows\v7.0A\bin\rc.exe /nologo /fo"Debug\publicFaceCollectionV1.0.exe.embed.manifest.res" Debug\publicFaceCollectionV1.0_manifest.rc 
       Link:
         D:\software\vs2010\VC\bin\link.exe /ERRORREPORT:PROMPT /OUT:"E:\github\public_face_collection\HFGA网吧人脸采集程序（code版）\后台\Debug\publicFaceCollectionV1.0.exe" /INCREMENTAL /NOLOGO kernel32.lib user32.lib gdi32.lib winspool.lib comdlg32.lib advapi32.lib shell32.lib ole32.lib oleaut32.lib uuid.lib odbc32.lib odbccp32.lib /MANIFEST /ManifestFile:"Debug\publicFaceCollectionV1.0.exe.intermediate.manifest" /MANIFESTUAC:"level='asInvoker' uiAccess='false'" /DEBUG /PDB:"E:\github\public_face_collection\HFGA网吧人脸采集程序（code版）\后台\Debug\publicFaceCollectionV1.0.pdb" /SUBSYSTEM:CONSOLE /TLBID:1 /DYNAMICBASE /NXCOMPAT /IMPLIB:"E:\github\public_face_collection\HFGA网吧人脸采集程序（code版）\后台\Debug\publicFaceCollectionV1.0.lib" /MACHINE:X86 Debug\publicFaceCollectionV1.0.exe.embed.manifest.res
         Debug\camera_process.obj
         Debug\config.obj
         Debug\detect_face.obj
         Debug\drawImage.obj
         Debug\getFiles.obj
         Debug\getLocalIP.obj
         Debug\GetLocalIPAddress.obj
         Debug\main.obj
         Debug\save_image.obj
         Debug\video_camera.obj
       Manifest:
         C:\Program Files (x86)\Microsoft SDKs\Windows\v7.0A\bin\mt.exe /nologo /verbose /out:"Debug\publicFaceCollectionV1.0.exe.embed.manifest" /manifest Debug\publicFaceCollectionV1.0.exe.intermediate.manifest
         所有输出均为最新。
       LinkEmbedManifest:
         所有输出均为最新。
         publicFaceCollectionV1.0.vcxproj -> E:\github\public_face_collection\HFGA网吧人脸采集程序（code版）\后台\Debug\publicFaceCollectionV1.0.exe
       FinalizeBuildStatus:
         正在删除文件“Debug\publicFaceCollectionV1.0.unsuccessfulbuild”。
         正在对“Debug\publicFaceCollectionV1.0.lastbuildstate”执行 Touch 任务。
     1>已完成生成项目“E:\github\public_face_collection\HFGA网吧人脸采集程序（code版）\后台\publicFaceCollectionV1.0\publicFaceCollectionV1.0.vcxproj”(build 个目标)的操作。

生成成功。

已用时间 00:00:17.63
